<?xml version="1.0" encoding="UTF-8"?>
<coverage generated="1670780912966" clover="3.2.0">
  <project timestamp="1670780912966" name="All files">
    <metrics statements="33" coveredstatements="28" conditionals="23" coveredconditionals="10" methods="7" coveredmethods="5" elements="63" coveredelements="43" complexity="0" loc="33" ncloc="33" packages="2" files="3" classes="3"/>
    <package name="common">
      <metrics statements="7" coveredstatements="6" conditionals="7" coveredconditionals="5" methods="0" coveredmethods="0"/>
      <file name="axiosDefault.ts" path="C:\Git\NPM\joinsy-api\src\common\axiosDefault.ts">
        <metrics statements="7" coveredstatements="6" conditionals="7" coveredconditionals="5" methods="0" coveredmethods="0"/>
        <line num="1" count="2" type="stmt"/>
        <line num="2" count="2" type="stmt"/>
        <line num="4" count="2" type="cond" truecount="1" falsecount="1"/>
        <line num="6" count="2" type="stmt"/>
        <line num="10" count="2" type="cond" truecount="4" falsecount="1"/>
        <line num="11" count="0" type="stmt"/>
        <line num="13" count="2" type="stmt"/>
      </file>
    </package>
    <package name="requests">
      <metrics statements="26" coveredstatements="22" conditionals="16" coveredconditionals="5" methods="7" coveredmethods="5"/>
      <file name="auth.ts" path="C:\Git\NPM\joinsy-api\src\requests\auth.ts">
        <metrics statements="14" coveredstatements="12" conditionals="6" coveredconditionals="1" methods="4" coveredmethods="3"/>
        <line num="1" count="2" type="stmt"/>
        <line num="2" count="2" type="stmt"/>
        <line num="6" count="2" type="stmt"/>
        <line num="7" count="2" type="stmt"/>
        <line num="9" count="2" type="stmt"/>
        <line num="10" count="1" type="cond" truecount="1" falsecount="0"/>
        <line num="12" count="0" type="stmt"/>
        <line num="13" count="1" type="cond" truecount="0" falsecount="1"/>
        <line num="14" count="0" type="cond" truecount="0" falsecount="4"/>
        <line num="16" count="1" type="stmt"/>
        <line num="17" count="1" type="stmt"/>
        <line num="20" count="2" type="stmt"/>
        <line num="21" count="2" type="stmt"/>
        <line num="23" count="2" type="stmt"/>
      </file>
      <file name="privateOpportunities.ts" path="C:\Git\NPM\joinsy-api\src\requests\privateOpportunities.ts">
        <metrics statements="12" coveredstatements="10" conditionals="10" coveredconditionals="4" methods="3" coveredmethods="2"/>
        <line num="1" count="1" type="stmt"/>
        <line num="2" count="1" type="stmt"/>
        <line num="5" count="1" type="stmt"/>
        <line num="7" count="1" type="stmt"/>
        <line num="8" count="1" type="stmt"/>
        <line num="9" count="1" type="stmt"/>
        <line num="10" count="1" type="cond" truecount="1" falsecount="0"/>
        <line num="16" count="0" type="stmt"/>
        <line num="17" count="1" type="cond" truecount="0" falsecount="1"/>
        <line num="18" count="0" type="cond" truecount="0" falsecount="4"/>
        <line num="20" count="1" type="stmt"/>
        <line num="22" count="1" type="stmt"/>
      </file>
    </package>
  </project>
</coverage>
