<?xml version="1.0" encoding="UTF-8"?>
<coverage generated="1670633180308" clover="3.2.0">
  <project timestamp="1670633180308" name="All files">
    <metrics statements="19" coveredstatements="18" conditionals="17" coveredconditionals="5" methods="3" coveredmethods="3" elements="39" coveredelements="26" complexity="0" loc="19" ncloc="19" packages="2" files="2" classes="2"/>
    <package name="common">
      <metrics statements="7" coveredstatements="6" conditionals="7" coveredconditionals="4" methods="0" coveredmethods="0"/>
      <file name="axiosDefault.ts" path="C:\Git\NPM\joinsy-api\src\common\axiosDefault.ts">
        <metrics statements="7" coveredstatements="6" conditionals="7" coveredconditionals="4" methods="0" coveredmethods="0"/>
        <line num="1" count="1" type="stmt"/>
        <line num="2" count="1" type="stmt"/>
        <line num="4" count="1" type="cond" truecount="1" falsecount="1"/>
        <line num="6" count="1" type="stmt"/>
        <line num="10" count="1" type="cond" truecount="3" falsecount="2"/>
        <line num="11" count="0" type="stmt"/>
        <line num="13" count="1" type="stmt"/>
      </file>
    </package>
    <package name="requests">
      <metrics statements="12" coveredstatements="12" conditionals="10" coveredconditionals="1" methods="3" coveredmethods="3"/>
      <file name="auth.ts" path="C:\Git\NPM\joinsy-api\src\requests\auth.ts">
        <metrics statements="12" coveredstatements="12" conditionals="10" coveredconditionals="1" methods="3" coveredmethods="3"/>
        <line num="1" count="1" type="stmt"/>
        <line num="3" count="1" type="stmt"/>
        <line num="6" count="1" type="stmt"/>
        <line num="7" count="1" type="stmt"/>
        <line num="9" count="1" type="stmt"/>
        <line num="10" count="1" type="cond" truecount="1" falsecount="0"/>
        <line num="11" count="1" type="cond" truecount="0" falsecount="9"/>
        <line num="13" count="1" type="stmt"/>
        <line num="14" count="1" type="stmt"/>
        <line num="17" count="1" type="stmt"/>
        <line num="18" count="1" type="stmt"/>
        <line num="20" count="1" type="stmt"/>
      </file>
    </package>
  </project>
</coverage>
