{"C:\\Git\\NPM\\joinsy-api\\src\\common\\axiosDefault.ts": {"path":"C:\\Git\\NPM\\joinsy-api\\src\\common\\axiosDefault.ts","statementMap":{"0":{"start":{"line":1,"column":0},"end":{"line":1,"column":26}},"1":{"start":{"line":2,"column":0},"end":{"line":2,"column":47}},"2":{"start":{"line":4,"column":16},"end":{"line":4,"column":118}},"3":{"start":{"line":6,"column":17},"end":{"line":8,"column":2}},"4":{"start":{"line":10,"column":0},"end":{"line":11,"column":96}},"5":{"start":{"line":11,"column":2},"end":{"line":11,"column":96}},"6":{"start":{"line":13,"column":0},"end":{"line":13,"column":24}}},"fnMap":{},"branchMap":{"0":{"loc":{"start":{"line":4,"column":16},"end":{"line":4,"column":118}},"type":"cond-expr","locations":[{"start":{"line":4,"column":57},"end":{"line":4,"column":88}},{"start":{"line":4,"column":91},"end":{"line":4,"column":118}}]},"1":{"loc":{"start":{"line":10,"column":0},"end":{"line":11,"column":96}},"type":"if","locations":[{"start":{"line":10,"column":0},"end":{"line":11,"column":96}}]},"2":{"loc":{"start":{"line":10,"column":4},"end":{"line":10,"column":32}},"type":"cond-expr","locations":[{"start":{"line":10,"column":15},"end":{"line":10,"column":17}},{"start":{"line":10,"column":4},"end":{"line":10,"column":32}}]},"3":{"loc":{"start":{"line":10,"column":4},"end":{"line":10,"column":17}},"type":"binary-expr","locations":[{"start":{"line":10,"column":4},"end":{"line":10,"column":17}},{"start":{"line":10,"column":4},"end":{"line":10,"column":17}}]}},"s":{"0":1,"1":1,"2":1,"3":1,"4":1,"5":0,"6":1},"f":{},"b":{"0":[0,1],"1":[0],"2":[1,0],"3":[1,1]}}
,"C:\\Git\\NPM\\joinsy-api\\src\\requests\\auth.ts": {"path":"C:\\Git\\NPM\\joinsy-api\\src\\requests\\auth.ts","statementMap":{"0":{"start":{"line":1,"column":0},"end":{"line":1,"column":45}},"1":{"start":{"line":3,"column":0},"end":{"line":3,"column":51}},"2":{"start":{"line":6,"column":0},"end":{"line":6,"column":13}},"3":{"start":{"line":9,"column":15},"end":{"line":15,"column":null}},"4":{"start":{"line":9,"column":38},"end":{"line":9,"column":72}},"5":{"start":{"line":10,"column":56},"end":{"line":10,"column":null}},"6":{"start":{"line":10,"column":10},"end":{"line":10,"column":null}},"7":{"start":{"line":11,"column":4},"end":{"line":11,"column":82}},"8":{"start":{"line":11,"column":36},"end":{"line":11,"column":82}},"9":{"start":{"line":13,"column":4},"end":{"line":13,"column":58}},"10":{"start":{"line":14,"column":4},"end":{"line":14,"column":23}},"11":{"start":{"line":17,"column":9},"end":{"line":19,"column":null}},"12":{"start":{"line":18,"column":4},"end":{"line":18,"column":33}},"13":{"start":{"line":7,"column":9},"end":{"line":7,"column":56}},"14":{"start":{"line":20,"column":0},"end":{"line":20,"column":null}},"15":{"start":{"line":6,"column":13},"end":{"line":6,"column":24}}},"fnMap":{"0":{"name":"(anonymous_15)","decl":{"start":{"line":6,"column":0},"end":{"line":6,"column":13}},"loc":{"start":{"line":6,"column":0},"end":{"line":6,"column":13}}},"1":{"name":"(anonymous_17)","decl":{"start":{"line":9,"column":2},"end":{"line":9,"column":15}},"loc":{"start":{"line":9,"column":72},"end":{"line":15,"column":null}}},"2":{"name":"(anonymous_20)","decl":{"start":{"line":17,"column":2},"end":{"line":17,"column":9}},"loc":{"start":{"line":17,"column":46},"end":{"line":19,"column":3}}}},"branchMap":{"0":{"loc":{"start":{"line":10,"column":56},"end":{"line":10,"column":null}},"type":"switch","locations":[{"start":{"line":10,"column":56},"end":{"line":10,"column":null}}]},"1":{"loc":{"start":{"line":11,"column":4},"end":{"line":11,"column":82}},"type":"if","locations":[{"start":{"line":11,"column":4},"end":{"line":11,"column":82}}]},"2":{"loc":{"start":{"line":11,"column":52},"end":{"line":11,"column":80}},"type":"cond-expr","locations":[{"start":{"line":11,"column":73},"end":{"line":11,"column":75}},{"start":{"line":11,"column":73},"end":{"line":11,"column":80}}]},"3":{"loc":{"start":{"line":11,"column":52},"end":{"line":11,"column":75}},"type":"binary-expr","locations":[{"start":{"line":11,"column":52},"end":{"line":11,"column":75}},{"start":{"line":11,"column":73},"end":{"line":11,"column":75}}]},"4":{"loc":{"start":{"line":11,"column":52},"end":{"line":11,"column":73}},"type":"cond-expr","locations":[{"start":{"line":11,"column":67},"end":{"line":11,"column":69}},{"start":{"line":11,"column":67},"end":{"line":11,"column":73}}]},"5":{"loc":{"start":{"line":11,"column":52},"end":{"line":11,"column":69}},"type":"binary-expr","locations":[{"start":{"line":11,"column":52},"end":{"line":11,"column":69}},{"start":{"line":11,"column":67},"end":{"line":11,"column":69}}]}},"s":{"0":1,"1":1,"2":1,"3":1,"4":1,"5":1,"6":1,"7":1,"8":0,"9":1,"10":1,"11":1,"12":1,"13":1,"14":1,"15":1},"f":{"0":1,"1":1,"2":1},"b":{"0":[1],"1":[0],"2":[0,0],"3":[0,0],"4":[0,0],"5":[0,0]}}
}
