{"C:\\Git\\NPM\\joinsy-api\\src\\common\\axiosDefault.ts": {"path":"C:\\Git\\NPM\\joinsy-api\\src\\common\\axiosDefault.ts","statementMap":{"0":{"start":{"line":1,"column":0},"end":{"line":1,"column":26}},"1":{"start":{"line":2,"column":0},"end":{"line":2,"column":47}},"2":{"start":{"line":4,"column":16},"end":{"line":4,"column":118}},"3":{"start":{"line":6,"column":17},"end":{"line":8,"column":2}},"4":{"start":{"line":10,"column":0},"end":{"line":11,"column":108}},"5":{"start":{"line":11,"column":2},"end":{"line":11,"column":108}},"6":{"start":{"line":13,"column":0},"end":{"line":13,"column":24}}},"fnMap":{},"branchMap":{"0":{"loc":{"start":{"line":4,"column":16},"end":{"line":4,"column":118}},"type":"cond-expr","locations":[{"start":{"line":4,"column":57},"end":{"line":4,"column":88}},{"start":{"line":4,"column":91},"end":{"line":4,"column":118}}]},"1":{"loc":{"start":{"line":10,"column":0},"end":{"line":11,"column":108}},"type":"if","locations":[{"start":{"line":10,"column":0},"end":{"line":11,"column":108}}]},"2":{"loc":{"start":{"line":10,"column":4},"end":{"line":10,"column":32}},"type":"cond-expr","locations":[{"start":{"line":10,"column":15},"end":{"line":10,"column":17}},{"start":{"line":10,"column":4},"end":{"line":10,"column":32}}]},"3":{"loc":{"start":{"line":10,"column":4},"end":{"line":10,"column":17}},"type":"binary-expr","locations":[{"start":{"line":10,"column":4},"end":{"line":10,"column":17}},{"start":{"line":10,"column":4},"end":{"line":10,"column":17}}]}},"s":{"0":2,"1":2,"2":2,"3":2,"4":2,"5":0,"6":2},"f":{},"b":{"0":[0,2],"1":[0],"2":[1,1],"3":[2,2]}}
,"C:\\Git\\NPM\\joinsy-api\\src\\requests\\auth.ts": {"path":"C:\\Git\\NPM\\joinsy-api\\src\\requests\\auth.ts","statementMap":{"0":{"start":{"line":1,"column":0},"end":{"line":1,"column":57}},"1":{"start":{"line":2,"column":0},"end":{"line":2,"column":51}},"2":{"start":{"line":6,"column":0},"end":{"line":6,"column":13}},"3":{"start":{"line":9,"column":15},"end":{"line":18,"column":null}},"4":{"start":{"line":9,"column":38},"end":{"line":9,"column":72}},"5":{"start":{"line":10,"column":90},"end":{"line":12,"column":null}},"6":{"start":{"line":12,"column":24},"end":{"line":12,"column":30}},"7":{"start":{"line":10,"column":10},"end":{"line":12,"column":null}},"8":{"start":{"line":13,"column":4},"end":{"line":15,"column":null}},"9":{"start":{"line":14,"column":6},"end":{"line":14,"column":62}},"10":{"start":{"line":16,"column":4},"end":{"line":16,"column":60}},"11":{"start":{"line":17,"column":4},"end":{"line":17,"column":25}},"12":{"start":{"line":20,"column":9},"end":{"line":22,"column":null}},"13":{"start":{"line":21,"column":4},"end":{"line":21,"column":40}},"14":{"start":{"line":7,"column":9},"end":{"line":7,"column":56}},"15":{"start":{"line":23,"column":0},"end":{"line":23,"column":null}},"16":{"start":{"line":6,"column":13},"end":{"line":6,"column":24}}},"fnMap":{"0":{"name":"(anonymous_15)","decl":{"start":{"line":6,"column":0},"end":{"line":6,"column":13}},"loc":{"start":{"line":6,"column":0},"end":{"line":6,"column":13}}},"1":{"name":"(anonymous_17)","decl":{"start":{"line":9,"column":2},"end":{"line":9,"column":15}},"loc":{"start":{"line":9,"column":72},"end":{"line":18,"column":null}}},"2":{"name":"(anonymous_20)","decl":{"start":{"line":12,"column":13},"end":{"line":12,"column":14}},"loc":{"start":{"line":12,"column":19},"end":{"line":12,"column":29}}},"3":{"name":"(anonymous_21)","decl":{"start":{"line":20,"column":2},"end":{"line":20,"column":9}},"loc":{"start":{"line":20,"column":46},"end":{"line":22,"column":3}}}},"branchMap":{"0":{"loc":{"start":{"line":10,"column":90},"end":{"line":12,"column":null}},"type":"switch","locations":[{"start":{"line":10,"column":90},"end":{"line":12,"column":null}}]},"1":{"loc":{"start":{"line":13,"column":4},"end":{"line":15,"column":null}},"type":"if","locations":[{"start":{"line":13,"column":4},"end":{"line":15,"column":null}}]},"2":{"loc":{"start":{"line":14,"column":22},"end":{"line":14,"column":60}},"type":"cond-expr","locations":[{"start":{"line":14,"column":39},"end":{"line":14,"column":41}},{"start":{"line":14,"column":39},"end":{"line":14,"column":60}}]},"3":{"loc":{"start":{"line":14,"column":22},"end":{"line":14,"column":41}},"type":"binary-expr","locations":[{"start":{"line":14,"column":22},"end":{"line":14,"column":41}},{"start":{"line":14,"column":39},"end":{"line":14,"column":41}}]}},"s":{"0":2,"1":2,"2":2,"3":2,"4":1,"5":1,"6":0,"7":1,"8":1,"9":0,"10":1,"11":1,"12":2,"13":2,"14":2,"15":2,"16":2},"f":{"0":2,"1":1,"2":0,"3":2},"b":{"0":[1],"1":[0],"2":[0,0],"3":[0,0]}}
,"C:\\Git\\NPM\\joinsy-api\\src\\requests\\privateOpportunities.ts": {"path":"C:\\Git\\NPM\\joinsy-api\\src\\requests\\privateOpportunities.ts","statementMap":{"0":{"start":{"line":1,"column":0},"end":{"line":1,"column":57}},"1":{"start":{"line":2,"column":0},"end":{"line":2,"column":51}},"2":{"start":{"line":5,"column":0},"end":{"line":5,"column":37}},"3":{"start":{"line":7,"column":0},"end":{"line":7,"column":13}},"4":{"start":{"line":8,"column":15},"end":{"line":21,"column":null}},"5":{"start":{"line":8,"column":44},"end":{"line":8,"column":100}},"6":{"start":{"line":10,"column":6},"end":{"line":16,"column":null}},"7":{"start":{"line":16,"column":57},"end":{"line":16,"column":63}},"8":{"start":{"line":9,"column":10},"end":{"line":16,"column":null}},"9":{"start":{"line":17,"column":4},"end":{"line":19,"column":null}},"10":{"start":{"line":18,"column":6},"end":{"line":18,"column":60}},"11":{"start":{"line":20,"column":4},"end":{"line":20,"column":23}},"12":{"start":{"line":22,"column":0},"end":{"line":22,"column":null}},"13":{"start":{"line":7,"column":13},"end":{"line":7,"column":40}}},"fnMap":{"0":{"name":"(anonymous_13)","decl":{"start":{"line":7,"column":0},"end":{"line":7,"column":13}},"loc":{"start":{"line":7,"column":0},"end":{"line":22,"column":null}}},"1":{"name":"(anonymous_15)","decl":{"start":{"line":8,"column":2},"end":{"line":8,"column":15}},"loc":{"start":{"line":8,"column":100},"end":{"line":21,"column":null}}},"2":{"name":"(anonymous_18)","decl":{"start":{"line":16,"column":15},"end":{"line":16,"column":16}},"loc":{"start":{"line":16,"column":52},"end":{"line":16,"column":62}}}},"branchMap":{"0":{"loc":{"start":{"line":10,"column":6},"end":{"line":16,"column":null}},"type":"switch","locations":[{"start":{"line":10,"column":6},"end":{"line":16,"column":null}}]},"1":{"loc":{"start":{"line":13,"column":39},"end":{"line":13,"column":79}},"type":"cond-expr","locations":[{"start":{"line":13,"column":66},"end":{"line":13,"column":68}},{"start":{"line":13,"column":66},"end":{"line":13,"column":79}}]},"2":{"loc":{"start":{"line":13,"column":39},"end":{"line":13,"column":68}},"type":"binary-expr","locations":[{"start":{"line":13,"column":39},"end":{"line":13,"column":68}},{"start":{"line":13,"column":66},"end":{"line":13,"column":68}}]},"3":{"loc":{"start":{"line":17,"column":4},"end":{"line":19,"column":null}},"type":"if","locations":[{"start":{"line":17,"column":4},"end":{"line":19,"column":null}}]},"4":{"loc":{"start":{"line":18,"column":22},"end":{"line":18,"column":58}},"type":"cond-expr","locations":[{"start":{"line":18,"column":37},"end":{"line":18,"column":39}},{"start":{"line":18,"column":37},"end":{"line":18,"column":58}}]},"5":{"loc":{"start":{"line":18,"column":22},"end":{"line":18,"column":39}},"type":"binary-expr","locations":[{"start":{"line":18,"column":22},"end":{"line":18,"column":39}},{"start":{"line":18,"column":37},"end":{"line":18,"column":39}}]}},"s":{"0":1,"1":1,"2":1,"3":1,"4":1,"5":1,"6":1,"7":0,"8":1,"9":1,"10":0,"11":1,"12":1,"13":1},"f":{"0":1,"1":1,"2":0},"b":{"0":[1],"1":[0,1],"2":[1,1],"3":[0],"4":[0,0],"5":[0,0]}}
}
