TN:
SF:src\common\axiosDefault.ts
FNF:0
FNH:0
DA:1,2
DA:2,2
DA:4,2
DA:6,2
DA:10,2
DA:11,0
DA:13,2
LF:7
LH:6
BRDA:4,0,0,0
BRDA:4,0,1,2
BRDA:10,1,0,0
BRDA:10,2,0,1
BRDA:10,2,1,1
BRDA:10,3,0,2
BRDA:10,3,1,2
BRF:7
BRH:5
end_of_record
TN:
SF:src\requests\auth.ts
FN:6,(anonymous_15)
FN:9,(anonymous_17)
FN:12,(anonymous_20)
FN:20,(anonymous_21)
FNF:4
FNH:3
FNDA:2,(anonymous_15)
FNDA:1,(anonymous_17)
FNDA:0,(anonymous_20)
FNDA:2,(anonymous_21)
DA:1,2
DA:2,2
DA:6,2
DA:7,2
DA:9,2
DA:10,1
DA:12,0
DA:13,1
DA:14,0
DA:16,1
DA:17,1
DA:20,2
DA:21,2
DA:23,2
LF:14
LH:12
BRDA:10,0,0,1
BRDA:13,1,0,0
BRDA:14,2,0,0
BRDA:14,2,1,0
BRDA:14,3,0,0
BRDA:14,3,1,0
BRF:6
BRH:1
end_of_record
TN:
SF:src\requests\privateOpportunities.ts
FN:7,(anonymous_13)
FN:8,(anonymous_15)
FN:16,(anonymous_18)
FNF:3
FNH:2
FNDA:1,(anonymous_13)
FNDA:1,(anonymous_15)
FNDA:0,(anonymous_18)
DA:1,1
DA:2,1
DA:5,1
DA:7,1
DA:8,1
DA:9,1
DA:10,1
DA:16,0
DA:17,1
DA:18,0
DA:20,1
DA:22,1
LF:12
LH:10
BRDA:10,0,0,1
BRDA:13,1,0,0
BRDA:13,1,1,1
BRDA:13,2,0,1
BRDA:13,2,1,1
BRDA:17,3,0,0
BRDA:18,4,0,0
BRDA:18,4,1,0
BRDA:18,5,0,0
BRDA:18,5,1,0
BRF:10
BRH:4
end_of_record
