TN:
SF:src\common\axiosDefault.ts
FNF:0
FNH:0
DA:1,1
DA:2,1
DA:4,1
DA:6,1
DA:10,1
DA:11,0
DA:13,1
LF:7
LH:6
BRDA:4,0,0,0
BRDA:4,0,1,1
BRDA:10,1,0,0
BRDA:10,2,0,1
BRDA:10,2,1,0
BRDA:10,3,0,1
BRDA:10,3,1,1
BRF:7
BRH:4
end_of_record
TN:
SF:src\requests\auth.ts
FN:6,(anonymous_15)
FN:9,(anonymous_17)
FN:17,(anonymous_20)
FNF:3
FNH:3
FNDA:1,(anonymous_15)
FNDA:1,(anonymous_17)
FNDA:1,(anonymous_20)
DA:1,1
DA:3,1
DA:6,1
DA:7,1
DA:9,1
DA:10,1
DA:11,1
DA:13,1
DA:14,1
DA:17,1
DA:18,1
DA:20,1
LF:12
LH:12
BRDA:10,0,0,1
BRDA:11,1,0,0
BRDA:11,2,0,0
BRDA:11,2,1,0
BRDA:11,3,0,0
BRDA:11,3,1,0
BRDA:11,4,0,0
BRDA:11,4,1,0
BRDA:11,5,0,0
BRDA:11,5,1,0
BRF:10
BRH:1
end_of_record
